2018-12-14 10:37:33,436 | Snmp_Trap | INFO | Starting trap catching... Press Ctrl + C to stop...
2018-12-14 10:37:41,076 | Snmp_Trap | INFO | Starting trap catching... Press Ctrl + C to stop...
2018-12-14 10:39:05,985 | Snmp_Trap | INFO | Starting trap catching... Press Ctrl + C to stop...
2018-12-14 10:40:21,626 | Snmp_Trap | INFO | Starting trap catching... Press Ctrl + C to stop...
2018-12-14 10:40:39,299 | Snmp_Trap | INFO | Starting trap catching... Press Ctrl + C to stop...
2018-12-14 10:40:41,422 | Snmp_Trap | INFO | Starting trap catching... Press Ctrl + C to stop...
2018-12-14 10:40:45,095 | Snmp_Trap | INFO | Starting trap catching... Press Ctrl + C to stop...
2018-12-14 10:41:23,624 | Snmp_Trap | INFO | Starting trap catching... Press Ctrl + C to stop...
2018-12-14 10:42:15,926 | Snmp_Trap | INFO | Starting trap catching... Press Ctrl + C to stop...
2018-12-14 10:43:59,705 | Snmp_Trap | INFO | Starting trap catching...
2018-12-14 10:43:59,705 | Snmp_Trap | INFO | trap catching in progress... Press Ctrl + C to stop...
2018-12-14 10:45:13,065 | Snmp_Trap | INFO | Starting trap catching...
2018-12-14 10:45:13,065 | Snmp_Trap | INFO | trap catching in progress... Press Ctrl + C to stop...
2018-12-14 10:46:52,692 | Snmp_Trap | INFO | Starting trap catching...
2018-12-14 10:46:52,692 | Snmp_Trap | INFO | trap catching in progress... Press Ctrl + C to stop...
2018-12-14 10:46:52,692 | Snmp_Trap | INFO | Stop trap catching... Press Ctrl + C to stop...
2018-12-14 10:47:44,192 | Snmp_Trap | INFO | Stop trap catching... Press Ctrl + C to stop...
2018-12-14 10:47:44,192 | Snmp_Trap | INFO | Starting trap catching...
2018-12-14 10:47:44,192 | Snmp_Trap | INFO | trap catching in progress... Press Ctrl + C to stop...
2018-12-14 10:48:13,367 | Snmp_Trap | INFO | Starting trap catching...
2018-12-14 10:48:13,367 | Snmp_Trap | INFO | trap catching in progress... Press Ctrl + C to stop...
2018-12-14 10:48:19,383 | Snmp_Trap | INFO | Starting trap catching...
2018-12-14 10:48:19,383 | Snmp_Trap | INFO | trap catching in progress... Press Ctrl + C to stop...
2018-12-14 10:48:58,244 | Snmp_Trap | INFO | Starting trap catching...
2018-12-14 10:48:58,244 | Snmp_Trap | INFO | trap catching in progress... Press Ctrl + C to stop...
2018-12-14 10:48:58,244 | Snmp_Trap | INFO | Stop trap catching... Press Ctrl + C to stop...
2018-12-14 10:49:39,795 | Snmp_Trap | INFO | Stop trap catching... Press Ctrl + C to stop...
2018-12-14 10:49:39,796 | Snmp_Trap | INFO | Starting trap catching...
2018-12-14 10:49:39,796 | Snmp_Trap | INFO | trap catching in progress... Press Ctrl + C to stop...
2018-12-14 10:51:46,708 | Snmp_Trap | INFO | Starting trap catching...
2018-12-14 10:51:46,708 | Snmp_Trap | INFO | trap catching in progress... Press Ctrl + C to stop...
2018-12-14 10:52:29,257 | Snmp_Trap | INFO | Starting trap catching...
2018-12-14 10:52:29,257 | Snmp_Trap | INFO | trap catching in progress... Press Ctrl + C to stop...
2018-12-14 10:53:04,209 | Snmp_Trap | INFO | Starting trap catching...
2018-12-14 10:53:04,209 | Snmp_Trap | INFO | trap catching in progress... Press Ctrl + C to stop...
2018-12-14 10:53:04,209 | Snmp_Trap | INFO | UDP packet receiver started
2018-12-14 10:53:20,426 | Snmp_Trap | INFO | Snmp trap successfully sended on ip: 192.168.13.66 and port: 162
2018-12-14 10:55:41,137 | Snmp_Trap | INFO | Starting trap catching...
2018-12-14 10:55:41,137 | Snmp_Trap | INFO | trap catching in progress... Press Ctrl + C to stop...
2018-12-14 10:55:41,137 | Snmp_Trap | INFO | UDP packet receiver started
2018-12-14 10:55:45,010 | Snmp_Trap | INFO | Received trap is: b'0C\x02\x01\x01\x04\x06public\xa76\x02\x04\x00\xa4\xebs\x02\x01\x00\x02\x01\x000(0\r\x06\x08+\x06\x01\x02\x01\x01\x03\x00C\x01\x000\x17\x06\n+\x06\x01\x06\x03\x01\x01\x04\x01\x00\x06\t+\x06\x01\x06\x03\x01\x01\x05\x01'
2018-12-14 10:55:45,010 | Snmp_Trap | INFO | Snmp trap successfully sended on ip: 192.168.13.66 and port: 162
2018-12-14 10:56:12,652 | Snmp_Trap | INFO | Starting trap catching...
2018-12-14 10:56:12,652 | Snmp_Trap | INFO | trap catching in progress... Press Ctrl + C to stop...
2018-12-14 10:56:12,652 | Snmp_Trap | INFO | UDP packet receiver started
2018-12-14 10:56:17,590 | Snmp_Trap | INFO | Snmp trap successfully sended on ip: 192.168.13.66 and port: 162
2018-12-14 10:56:52,825 | Snmp_Trap | INFO | Starting trap catching...
2018-12-14 10:56:52,825 | Snmp_Trap | INFO | trap catching in progress... Press Ctrl + C to stop...
2018-12-14 10:56:52,825 | Snmp_Trap | INFO | UDP packet receiver started
2018-12-14 10:56:57,060 | Snmp_Trap | INFO | Snmp trap successfully sended on ip: 192.168.13.66 and port: 162
2018-12-14 10:57:20,591 | Snmp_Trap | INFO | Starting trap catching...
2018-12-14 10:57:20,591 | Snmp_Trap | INFO | trap catching in progress... Press Ctrl + C to stop...
2018-12-14 10:57:20,591 | Snmp_Trap | INFO | UDP packet receiver started
2018-12-14 10:57:26,395 | Snmp_Trap | INFO | Received trap is: b'0C\x02\x01\x01\x04\x06public\xa76\x02\x04\x00\xfd\x8b\xa1\x02\x01\x00\x02\x01\x000(0\r\x06\x08+\x06\x01\x02\x01\x01\x03\x00C\x01\x000\x17\x06\n+\x06\x01\x06\x03\x01\x01\x04\x01\x00\x06\t+\x06\x01\x06\x03\x01\x01\x05\x01'
2018-12-14 10:57:26,395 | Snmp_Trap | INFO | Snmp trap successfully sended on ip: 192.168.13.66 and port: 162
2018-12-14 10:57:51,669 | Snmp_Trap | INFO | Snmp trap successfully sended on ip: 192.168.13.66 and port: 162
xe0\xed\x05\x02\x01\x00\x02\x01\x000(0\r\x06\x08+\x06\x01\x02\x01\x01\x03\x00C\x01\x000\x17\x06\n+\x06\x01\x06\x03\x01\x01\x04\x01\x00\x06\t+\x06\x01\x06\x03\x01\x01\x05\x01'
2018-12-14 10:58:15,451 | Snmp_Trap | INFO | Starting trap catching...
2018-12-14 10:58:15,451 | Snmp_Trap | INFO | trap catching in progress... Press Ctrl + C to stop...
2018-12-14 10:58:15,451 | Snmp_Trap | INFO | UDP packet receiver started
2018-12-14 10:58:18,496 | Snmp_Trap | INFO | Snmp trap successfully sended on ip: 192.168.13.66 and port: 162
2018-12-14 10:58:31,434 | Snmp_Trap | INFO | Starting trap catching...
2018-12-14 10:58:31,434 | Snmp_Trap | INFO | trap catching in progress... Press Ctrl + C to stop...
2018-12-14 10:58:31,434 | Snmp_Trap | INFO | UDP packet receiver started
2018-12-14 10:58:35,922 | Snmp_Trap | INFO | Snmp trap successfully sended on ip: 192.168.13.66 and port: 162
2018-12-14 10:58:58,905 | Snmp_Trap | INFO | Starting trap catching...
2018-12-14 10:58:58,905 | Snmp_Trap | INFO | trap catching in progress... Press Ctrl + C to stop...
2018-12-14 10:58:58,905 | Snmp_Trap | INFO | UDP packet receiver started
2018-12-14 10:59:03,233 | Snmp_Trap | INFO | Snmp trap successfully sended on ip: 192.168.13.66 and port: 162
02\x01\x00\x02\x01\x000(0\r\x06\x08+\x06\x01\x02\x01\x01\x03\x00C\x01\x000\x17\x06\n+\x06\x01\x06\x03\x01\x01\x04\x01\x00\x06\t+\x06\x01\x06\x03\x01\x01\x05\x01' ('192.168.13.66', 51879)
2018-12-14 11:00:24,848 | Snmp_Trap | INFO | Starting trap catching...
2018-12-14 11:00:24,848 | Snmp_Trap | INFO | trap catching in progress... Press Ctrl + C to stop...
2018-12-14 11:00:24,848 | Snmp_Trap | INFO | UDP packet receiver started
2018-12-14 11:00:27,593 | Snmp_Trap | INFO | Snmp trap successfully sended on ip: 192.168.13.66 and port: 162
2018-12-14 11:01:11,264 | Snmp_Trap | INFO | Starting trap catching...
2018-12-14 11:01:11,264 | Snmp_Trap | INFO | trap catching in progress... Press Ctrl + C to stop...
2018-12-14 11:01:11,264 | Snmp_Trap | INFO | UDP packet receiver started
2018-12-14 11:01:15,626 | Snmp_Trap | INFO | Snmp trap successfully sended on ip: 192.168.13.66 and port: 162
2018-12-14 11:01:23,173 | Snmp_Trap | INFO | Snmp trap successfully sended on ip: 192.168.13.66 and port: 162
2018-12-14 11:01:32,732 | Snmp_Trap | INFO | Snmp trap successfully sended on ip: 192.168.13.66 and port: 162
2018-12-14 11:02:16,807 | Snmp_Trap | INFO | Starting trap catching...
2018-12-14 11:02:16,807 | Snmp_Trap | INFO | trap catching in progress... Press Ctrl + C to stop...
2018-12-14 11:02:16,807 | Snmp_Trap | INFO | UDP packet receiver started
2018-12-14 11:03:24,785 | Snmp_Trap | INFO | Starting trap catching...
2018-12-14 11:03:24,785 | Snmp_Trap | INFO | trap catching in progress... Press Ctrl + C to stop...
2018-12-14 11:03:24,785 | Snmp_Trap | INFO | UDP packet receiver started
2018-12-14 11:03:29,294 | Snmp_Trap | INFO | Received trap is: b'0B\x02\x01\x01\x04\x06public\xa75\x02\x03\x04\x99\xfd\x02\x01\x00\x02\x01\x000(0\r\x06\x08+\x06\x01\x02\x01\x01\x03\x00C\x01\x000\x17\x06\n+\x06\x01\x06\x03\x01\x01\x04\x01\x00\x06\t+\x06\x01\x06\x03\x01\x01\x05\x01' ('192.168.13.66', 53822)
2018-12-14 11:03:29,294 | Snmp_Trap | INFO | Snmp trap successfully sended on ip: 192.168.13.66 and port: 162
2018-12-14 11:08:41,385 | Snmp_Trap | INFO | Starting trap catching...
2018-12-14 11:08:41,385 | Snmp_Trap | INFO | trap catching in progress... Press Ctrl + C to stop...
2018-12-14 11:08:41,385 | Snmp_Trap | INFO | UDP packet receiver started
2018-12-14 11:08:49,144 | Snmp_Trap | INFO | Snmp trap successfully sended on ip: 192.168.13.66 and port: 162
\xe9\x02\x01\x00\x02\x01\x000(0\r\x06\x08+\x06\x01\x02\x01\x01\x03\x00C\x01\x000\x17\x06\n+\x06\x01\x06\x03\x01\x01\x04\x01\x00\x06\t+\x06\x01\x06\x03\x01\x01\x05\x01' ('192.168.13.66', 49266)
2018-12-14 11:09:15,190 | Snmp_Trap | INFO | Starting trap catching...
2018-12-14 11:09:15,190 | Snmp_Trap | INFO | trap catching in progress... Press Ctrl + C to stop...
2018-12-14 11:09:15,191 | Snmp_Trap | INFO | UDP packet receiver started
2018-12-14 11:09:18,541 | Snmp_Trap | INFO | Received trap is: b'0C\x02\x01\x01\x04\x06public\xa76\x02\x04\x00\xbb\xbcs\x02\x01\x00\x02\x01\x000(0\r\x06\x08+\x06\x01\x02\x01\x01\x03\x00C\x01\x000\x17\x06\n+\x06\x01\x06\x03\x01\x01\x04\x01\x00\x06\t+\x06\x01\x06\x03\x01\x01\x05\x01' ('192.168.13.66', 61518)
2018-12-14 11:09:18,541 | Snmp_Trap | INFO | Snmp trap successfully sended on ip: 192.168.13.66 and port: 162
2018-12-14 11:10:30,053 | Snmp_Trap | INFO | Starting trap catching...
2018-12-14 11:10:30,054 | Snmp_Trap | INFO | trap catching in progress... Press Ctrl + C to stop...
2018-12-14 11:10:43,995 | Snmp_Trap | INFO | Snmp trap successfully sended on ip: 192.168.13.66 and port: 162
2018-12-14 11:10:43,997 | Snmp_Trap | INFO | Notification message from (1, 3, 6, 1, 6, 1, 1):('192.168.13.66', 59433): 
2018-12-14 11:10:43,998 | Snmp_Trap | INFO | Var-binds:
2018-12-14 11:10:43,998 | Snmp_Trap | INFO | 1.3.6.1.2.1.1.3.0 = 0
2018-12-14 11:10:43,999 | Snmp_Trap | INFO | 1.3.6.1.6.3.1.1.4.1.0 = 1.3.6.1.6.3.1.1.5.1
2018-12-14 11:14:39,719 | Snmp_Trap | INFO | Starting trap catching...
2018-12-14 11:14:39,719 | Snmp_Trap | INFO | trap catching in progress... Press Ctrl + C to stop...
2018-12-14 11:14:46,925 | Snmp_Trap | INFO | Notification message from (1, 3, 6, 1, 6, 1, 1):('192.168.13.66', 52797): 
2018-12-14 11:14:46,925 | Snmp_Trap | INFO | Var-binds:
2018-12-14 11:14:46,926 | Snmp_Trap | INFO | 1.3.6.1.2.1.1.3.0 = 0
2018-12-14 11:14:46,926 | Snmp_Trap | INFO | 1.3.6.1.6.3.1.1.4.1.0 = 1.3.6.1.6.3.1.1.5.1
2018-12-14 11:33:49,194 | Snmp_Trap | INFO | Notification message from (1, 3, 6, 1, 6, 1, 1):('192.168.12.57', 161): 
2018-12-14 11:33:49,195 | Snmp_Trap | INFO | Enterprise: 1.3.6.1.4.1.1602.4.3
2018-12-14 11:33:49,195 | Snmp_Trap | INFO | Agent Address: 192.168.12.57
2018-12-14 11:33:49,195 | Snmp_Trap | INFO | Generic Trap: coldStart
2018-12-14 11:33:49,195 | Snmp_Trap | INFO | Specific Trap: 0
2018-12-14 11:33:49,195 | Snmp_Trap | INFO | Uptime: 781
2018-12-14 11:33:49,196 | Snmp_Trap | INFO | Var-binds:
2018-12-14 17:02:38,381 | Snmp_Trap | INFO | Starting trap catching...
2018-12-14 17:02:38,381 | Snmp_Trap | INFO | trap catching in progress... Press Ctrl + C to stop...
2018-12-19 13:25:50,077 | Snmp_Trap | INFO | Starting trap catching...
2018-12-19 13:25:50,327 | Snmp_Trap | INFO | trap catching in progress... Press Ctrl + C to stop...
2018-12-19 13:26:02,887 | Snmp_Trap | INFO | Starting trap catching...
2018-12-19 13:26:02,887 | Snmp_Trap | INFO | trap catching in progress... Press Ctrl + C to stop...
2018-12-19 13:27:32,508 | Snmp_Trap | INFO | Starting trap catching...
2018-12-19 13:27:32,508 | Snmp_Trap | INFO | trap catching in progress... Press Ctrl + C to stop...
2018-12-19 13:28:52,273 | Snmp_Trap | INFO | Starting trap catching...
2018-12-19 13:28:52,273 | Snmp_Trap | INFO | trap catching in progress... Press Ctrl + C to stop...
2018-12-19 13:28:52,273 | Snmp_Trap | ERROR | Another exception occuredbind() for ('', 162) failed: [WinError 10013] Сделана попытка доступа к сокету методом, запрещенным правами доступаcaused by <class 'OSError'>: [WinError 10013] Сделана попытка доступа к сокету методом, запрещенным правами доступа
2018-12-19 13:29:46,383 | Snmp_Trap | INFO | Starting trap catching...
2018-12-19 13:29:46,383 | Snmp_Trap | INFO | trap catching in progress... Press Ctrl + C to stop...
2018-12-19 13:29:46,383 | Snmp_Trap | ERROR | Another exception occuredbind() for ('', 162) failed: [WinError 10013] Сделана попытка доступа к сокету методом, запрещенным правами доступаcaused by <class 'OSError'>: [WinError 10013] Сделана попытка доступа к сокету методом, запрещенным правами доступа
2018-12-19 13:31:57,066 | Snmp_Trap | INFO | Starting trap catching...
2018-12-19 13:31:57,066 | Snmp_Trap | INFO | trap catching in progress... Press Ctrl + C to stop...
2018-12-19 13:31:57,066 | Snmp_Trap | ERROR | Another exception occuredbind() for ('', 162) failed: [WinError 10013] Сделана попытка доступа к сокету методом, запрещенным правами доступаcaused by <class 'OSError'>: [WinError 10013] Сделана попытка доступа к сокету методом, запрещенным правами доступа
2018-12-20 12:38:41,969 | Snmp_Trap | INFO | Starting trap catching...
2018-12-20 12:38:42,016 | Snmp_Trap | INFO | trap catching in progress... Press Ctrl + C to stop...
2018-12-20 12:38:42,016 | Snmp_Trap | ERROR | Another exception occuredbind() for ('', 162) failed: [WinError 10013] Сделана попытка доступа к сокету методом, запрещенным правами доступаcaused by <class 'OSError'>: [WinError 10013] Сделана попытка доступа к сокету методом, запрещенным правами доступа
2018-12-20 12:38:54,359 | Snmp_Trap | INFO | Starting trap catching...
2018-12-20 12:38:54,359 | Snmp_Trap | INFO | trap catching in progress... Press Ctrl + C to stop...
2018-12-20 12:38:54,359 | Snmp_Trap | ERROR | Another exception occuredbind() for ('', 162) failed: [WinError 10013] Сделана попытка доступа к сокету методом, запрещенным правами доступаcaused by <class 'OSError'>: [WinError 10013] Сделана попытка доступа к сокету методом, запрещенным правами доступа
2018-12-24 10:42:19,970 | Snmp_Trap | INFO | Starting trap catching...
2018-12-24 10:42:19,970 | Snmp_Trap | INFO | trap catching in progress... Press Ctrl + C to stop...
2018-12-24 10:45:35,706 | Snmp_Trap | INFO | Starting trap catching...
2018-12-24 10:45:35,706 | Snmp_Trap | INFO | trap catching in progress... Press Ctrl + C to stop...
2018-12-24 10:46:13,980 | Snmp_Trap | INFO | Starting trap catching...
2018-12-24 10:46:13,980 | Snmp_Trap | INFO | trap catching in progress... Press Ctrl + C to stop...
2018-12-24 10:46:22,459 | Snmp_Trap | ERROR | Another exception occured'builtin_function_or_method' object has no attribute 'info'
2018-12-24 10:46:42,735 | Snmp_Trap | INFO | Starting trap catching...
2018-12-24 10:46:42,735 | Snmp_Trap | INFO | trap catching in progress... Press Ctrl + C to stop...
2018-12-24 10:46:53,971 | Snmp_Trap | ERROR | Another exception occured'builtin_function_or_method' object has no attribute 'info'
2018-12-24 10:47:33,210 | Snmp_Trap | INFO | Starting trap catching...
2018-12-24 10:47:33,210 | Snmp_Trap | INFO | trap catching in progress... Press Ctrl + C to stop...
2018-12-24 10:47:37,163 | Snmp_Trap | INFO | Starting trap catching...
2018-12-24 10:47:37,163 | Snmp_Trap | INFO | trap catching in progress... Press Ctrl + C to stop...
